Jun 27 08:15:01 kali-system CRON[1254]: (root) CMD (/usr/bin/updatedb)

Jun 27 08:15:23 kali-system systemd[1]: Started Session 2 of User root.

Jun 27 08:16:10 kali-system sshd[1301]: Accepted password for nimish from 192.168.1.25 port 52134 ssh2

Jun 27 08:16:11 kali-system sshd[1301]: pam_unix(sshd:session): session opened for user nimish(uid=1000) by (uid=0)

Jun 27 08:17:45 kali-system sudo[1350]: nimish : TTY=pts/0 ; PWD=/home/nimish ; USER=root ; COMMAND=/usr/bin/apt update

Jun 27 08:17:46 kali-system sudo[1350]: pam_unix(sudo:session): session opened for user root(uid=0) by nimish(uid=1000)

Jun 27 08:18:05 kali-system apt[1375]: Fetching package lists...

Jun 27 08:18:09 kali-system apt[1375]: Package lists updated successfully.

Jun 27 08:20:17 kali-system kernel: [1024.567890] usb 1-2: new high-speed USB device number 5 using xhci_hcd

Jun 27 08:20:18 kali-system kernel: [1025.124578] usb 1-2: New USB device found, idVendor=0781, idProduct=5583

Jun 27 08:22:01 kali-system CRON[1400]: (root) CMD (/usr/bin/backup.sh)

Jun 27 08:24:35 kali-system sshd[1420]: Failed password for invalid user admin from 203.0.113.45 port 51422 ssh2

Jun 27 08:24:38 kali-system sshd[1420]: Failed password for invalid user admin from 203.0.113.45 port 51422 ssh2

Jun 27 08:24:42 kali-system sshd[1420]: Failed password for invalid user admin from 203.0.113.45 port 51422 ssh2

Jun 27 08:24:44 kali-system sshd[1420]: Connection closed by invalid user admin 203.0.113.45 port 51422 [preauth]

Jun 27 08:25:10 kali-system NetworkManager[890]: <info> device (wlan0): state change: activated -> disconnected

Jun 27 08:25:15 kali-system NetworkManager[890]: <info> device (wlan0): state change: disconnected -> activated

Jun 27 08:27:02 kali-system systemd-logind[720]: Removed session 2.

Jun 27 08:30:01 kali-system CRON[1501]: (root) CMD (/usr/bin/logrotate)

Jun 27 08:31:45 kali-system sudo[1522]: nimish : TTY=pts/1 ; PWD=/home/nimish ; USER=root ; COMMAND=/usr/bin/systemctl restart apache2

Jun 27 08:31:46 kali-system systemd[1]: Restarted Apache HTTP Server.

Jun 27 08:35:11 kali-system kernel: [1452.789654] Out of memory: Kill process 2001 (python3) score 900 or sacrifice child

Jun 27 08:35:11 kali-system kernel: [1452.789789] Killed process 2001 (python3) total-vm:1048576kB